<?xml version="1.0" encoding="utf-8"?><testsuites name="pytest tests"><testsuite name="pytest" errors="0" failures="0" skipped="0" tests="32" time="0.451" timestamp="2025-07-11T01:52:09.916832+03:00" hostname="Domashniy"><testcase classname="tests.test_decorators" name="test_log_decorator_console_success" time="0.004" /><testcase classname="tests.test_decorators" name="test_log_decorator_console_error" time="0.003" /><testcase classname="tests.test_decorators" name="test_log_decorator_file_success" time="0.025" /><testcase classname="tests.test_decorators" name="test_log_decorator_file_error" time="0.015" /><testcase classname="tests.test_generators" name="test_filter_by_currency" time="0.003" /><testcase classname="tests.test_generators" name="test_transaction_descriptions" time="0.002" /><testcase classname="tests.test_generators" name="test_card_number_generator[1-1-expected0]" time="0.002" /><testcase classname="tests.test_generators" name="test_card_number_generator[1-3-expected1]" time="0.002" /><testcase classname="tests.test_generators" name="test_card_number_generator[9999999999999996-9999999999999999-expected2]" time="0.002" /><testcase classname="tests.test_masks" name="test_mask_card_number[visa]" time="0.002" /><testcase classname="tests.test_masks" name="test_mask_card_number[mastercard]" time="0.003" /><testcase classname="tests.test_masks" name="test_mask_card_number[empty]" time="0.002" /><testcase classname="tests.test_masks" name="test_mask_card_number[visa2]" time="0.002" /><testcase classname="tests.test_masks" name="test_mask_account_number[account1]" time="0.002" /><testcase classname="tests.test_masks" name="test_mask_account_number[empty]" time="0.002" /><testcase classname="tests.test_masks" name="test_mask_account_number[account2]" time="0.002" /><testcase classname="tests.test_masks" name="test_mask_card_edge_cases" time="0.002" /><testcase classname="tests.test_masks" name="test_mask_empty_input" time="0.001" /><testcase classname="tests.test_masks" name="test_mask_account_edge_cases" time="0.002" /><testcase classname="tests.test_processing" name="test_filter_by_state_with_empty" time="0.001" /><testcase classname="tests.test_processing" name="test_sort_by_date_with_empty" time="0.001" /><testcase classname="tests.test_widget" name="test_format_date[2018-07-11T02:26:18.671407-11.07.2018]" time="0.002" /><testcase classname="tests.test_widget" name="test_format_date[2019-04-04T23:20:05.206878-04.04.2019]" time="0.002" /><testcase classname="tests.test_widget" name="test_format_date[2020-12-31T01:00:00.000000-31.12.2020]" time="0.002" /><testcase classname="tests.test_widget" name="test_format_date[2021-01-01T00:00:00.000000-01.01.2021]" time="0.002" /><testcase classname="tests.test_widget" name="test_format_date_errors" time="0.002" /><testcase classname="tests.test_widget" name="test_mask_account_card_valid[Visa Platinum 7000792289606361-Visa Platinum 7000 79** **** 6361]" time="0.003" /><testcase classname="tests.test_widget" name="test_mask_account_card_valid[7000792289606361-7000 79** **** 6361]" time="0.003" /><testcase classname="tests.test_widget" name="test_mask_account_card_valid[\u0421\u0447\u0435\u0442 73654108430135874305-\u0421\u0447\u0435\u0442 **4305]" time="0.003" /><testcase classname="tests.test_widget" name="test_mask_account_card_valid[-]" time="0.003" /><testcase classname="tests.test_widget" name="test_mask_account_card_valid[Not a card-Not a card]" time="0.002" /><testcase classname="tests.test_widget" name="test_mask_account_card_invalid_input" time="0.001" /></testsuite></testsuites>